********************************************************************************
DUPLICATOR-LITE PACKAGE-LOG: 29.06.2022 19:04
NOTICE: Do NOT post to public sites or forums 
********************************************************************************
VERSION:	1.4.7
WORDPRESS:	6.0
PHP INFO:	8.0.14 | SAPI: apache2handler
SERVER:		Apache 
PHP TIME LIMIT: (0) no time limit imposed 
PHP MAX MEMORY: 4294967296 (1536M default) 
MEMORY STACK: 6MB

********************************************************************************
DATABASE:
********************************************************************************
BUILD MODE:   MYSQLDUMP
MYSQLTIMEOUT: 5000
MYSQLDUMP:    Is Supported
SQL CREATED: 20220629_detskietovary_fcf49b73810bcab84117_20220629190323_database.sql
SQL FILE SIZE: 731.39KB (748944)
SQL FILE TIME: 2022-06-29 19:04:16
SQL RUNTIME: 4.18 sec.

********************************************************************************
ARCHIVE (ZIP):
********************************************************************************
ARCHIVE DIR:  D:/Programs/OpenServer/domains/localhost
ARCHIVE FILE: 20220629_detskietovary_fcf49b73810bcab84117_20220629190323_archive.zip
FILTERS: *OFF*
DIRS:
	not set
FILES:
	not set
EXTS:  not set
----------------------------------------
COMPRESSING
SIZE:	86.23MB
STATS:	Dirs 657 | Files 6,524
SQL ADDED: 20220629_detskietovary_fcf49b73810bcab84117_20220629190323_database.sql
ZipArchive Object
(
    [lastId] => 7180
    [status] => 0
    [statusSys] => 0
    [numFiles] => 7181
    [filename] => D:\Programs\OpenServer\domains\localhost\wp-content\backups-dup-lite\tmp\20220629_detskietovary_fcf49b73810bcab84117_20220629190323_archive.zip
    [comment] => 
)

FILE ADDED TO ZIP: 7180
COMPRESSION RESULT: '1'
COMPRESSED SIZE: 39.18MB
ARCHIVE RUNTIME: 12.32 sec.
MEMORY STACK: 8MB
building installer
add_extra_files1
add_extra_files2
add_extra_files3
add_extra_files4
Doing archive file check
add_extra_files5
add_extra_files6
add_extra_files8
Successfully opened zip D:/Programs/OpenServer/domains/localhost/wp-content/backups-dup-lite/tmp/20220629_detskietovary_fcf49b73810bcab84117_20220629190323_archive.zip
Adding enhanced installer files to archive using ZipArchive
Installer files added to archive
Added to archive
After ziparchive close when adding installer

********************************************************************************
INTEGRITY CHECKS:
********************************************************************************
SQL FILE: 731.39KB
INSTALLER FILE: 64.6KB
ARCHIVE FILE: 40.27MB 
EXPECTED FILE/DIRECTORY COUNT: 7,181
ACTUAL FILE/DIRECTORY COUNT: 7,180
ARCHIVE CONSISTENCY TEST: Pass

********************************************************************************
RECORD ID:[1]
TOTAL PROCESS RUNTIME: 17.76 sec.
PEAK PHP MEMORY USED: 10MB
DONE PROCESSING => 20220629_detskietovary 29.06.2022 19:04

